2025-08-18 02:44:29,992 - WARNING - ⚠️ CPX config file not found, using defaults
2025-08-18 02:45:23,818 - INFO - 🎯 Detected camera-related survey. Attempting to answer 'No'...
2025-08-18 02:45:24,314 - WARNING - ⚠️ Could not find a 'No' option for camera survey using selectors. Trying text search.
2025-08-18 02:45:48,771 - INFO - 🎯 Trying survey: eeeEx2NGk0Q21wVG9wS0l6bUR4MDRnUT09
2025-08-18 02:47:23,664 - INFO - ✅ Survey appears to be complete.
2025-08-18 02:47:23,664 - INFO - ✅ Survey eeeEx2NGk0Q21wVG9wS0l6bUR4MDRnUT09 completed successfully
2025-08-18 02:47:23,668 - INFO - ⏳ Waiting 20.6s before next survey...
2025-08-18 02:47:44,442 - INFO - 🎯 Detected camera-related survey. Attempting to answer 'No'...
2025-08-18 02:47:45,225 - WARNING - ⚠️ Could not find a 'No' option for camera survey using selectors. Trying text search.
2025-08-18 02:47:45,758 - INFO - ✅ Answered camera-related survey with 'No' using text search for: 'no'
2025-08-18 02:47:45,759 - INFO - Handled camera-related question, moving to next survey.
2025-08-18 02:47:45,894 - INFO - 🎯 Detected camera-related survey. Attempting to answer 'No'...
2025-08-18 02:47:46,639 - WARNING - ⚠️ Could not find a 'No' option for camera survey using selectors. Trying text search.
2025-08-18 02:47:46,934 - INFO - ✅ Answered camera-related survey with 'No' using text search for: 'no'
2025-08-18 02:47:46,934 - INFO - Handled camera-related question, moving to next survey.
2025-08-18 02:47:47,087 - INFO - 🎯 Detected camera-related survey. Attempting to answer 'No'...
2025-08-18 02:47:47,686 - WARNING - ⚠️ Could not find a 'No' option for camera survey using selectors. Trying text search.
2025-08-18 02:47:48,003 - INFO - ✅ Answered camera-related survey with 'No' using text search for: 'no'
2025-08-18 02:47:48,004 - INFO - Handled camera-related question, moving to next survey.
2025-08-18 02:47:48,216 - INFO - 🎯 Detected camera-related survey. Attempting to answer 'No'...
2025-08-18 02:47:48,700 - WARNING - ⚠️ Could not find a 'No' option for camera survey using selectors. Trying text search.
2025-08-18 02:47:49,185 - INFO - ✅ Answered camera-related survey with 'No' using text search for: 'no'
2025-08-18 02:47:49,186 - INFO - Handled camera-related question, moving to next survey.
