2025-08-18 02:14:02,593 - WARNING - ⚠️ CPX config file not found, using defaults
2025-08-18 02:15:00,754 - INFO - 🎯 Detected camera-related survey. Attempting to answer 'No'...
2025-08-18 02:15:00,983 - WARNING - ⚠️ Could not find a 'No' option for camera survey using selectors. Trying text search.
2025-08-18 02:15:14,609 - INFO - 🎯 Trying survey: eeNGhjVVFmQUhkWlVNdjlBa2RSQ0pqdz09
2025-08-18 02:20:50,372 - INFO - ✅ Question 1 handled.
2025-08-18 02:21:46,849 - INFO - ✅ Question 2 handled.
2025-08-18 02:22:25,163 - INFO - ✅ Question 3 handled.
2025-08-18 02:23:04,864 - INFO - ✅ Question 4 handled.
2025-08-18 02:23:45,599 - INFO - ✅ Question 5 handled.
2025-08-18 02:24:25,201 - INFO - ✅ Question 6 handled.
2025-08-18 02:25:03,713 - INFO - ✅ Question 7 handled.
2025-08-18 02:25:43,153 - INFO - ✅ Question 8 handled.
2025-08-18 02:26:21,866 - INFO - ✅ Question 9 handled.
2025-08-18 02:27:02,047 - INFO - ✅ Question 10 handled.
2025-08-18 02:27:41,715 - INFO - ✅ Question 11 handled.
2025-08-18 02:28:21,002 - INFO - ✅ Question 12 handled.
2025-08-18 02:28:59,983 - INFO - ✅ Question 13 handled.
2025-08-18 02:29:38,910 - INFO - ✅ Question 14 handled.
2025-08-18 02:30:18,273 - INFO - ✅ Question 15 handled.
2025-08-18 02:30:58,541 - INFO - ✅ Question 16 handled.
2025-08-18 02:31:20,945 - ERROR - Future exception was never retrieved
future: <Future finished exception=TargetClosedError('Target page, context or browser has been closed\nCall log:\n  - waiting for locator("input[type=\\"text\\"], input[type=\\"number\\"], input:not([type]), textarea").first\n    - locator resolved to <input value="" type="text" id="website" name="website" _ngcontent-dms-c47=""/>\n    - fill("I believe this is important to consider carefully, as it can have a significant impact on our daily lives.")\n  - attempting fill action\n    2 × waiting for element to be visible, enabled and editable\n      - element is not visible\n    - retrying fill action\n    - waiting 20ms\n    2 × waiting for element to be visible, enabled and editable\n      - element is not visible\n    - retrying fill action\n      - waiting 100ms\n    27 × waiting for element to be visible, enabled and editable\n       - element is not visible\n     - retrying fill action\n       - waiting 500ms\n')>
playwright._impl._errors.TargetClosedError: Target page, context or browser has been closed
Call log:
  - waiting for locator("input[type=\"text\"], input[type=\"number\"], input:not([type]), textarea").first
    - locator resolved to <input value="" type="text" id="website" name="website" _ngcontent-dms-c47=""/>
    - fill("I believe this is important to consider carefully, as it can have a significant impact on our daily lives.")
  - attempting fill action
    2 × waiting for element to be visible, enabled and editable
      - element is not visible
    - retrying fill action
    - waiting 20ms
    2 × waiting for element to be visible, enabled and editable
      - element is not visible
    - retrying fill action
      - waiting 100ms
    27 × waiting for element to be visible, enabled and editable
       - element is not visible
     - retrying fill action
       - waiting 500ms

